<?xml version="1.0" encoding="UTF-8"?>
<!-- Generated by org.testng.reporters.JUnitXMLReporter -->
<testsuite ignored="1" hostname="DESKTOP-C84JI4A" failures="0" tests="1" name="Default test" time="7.35" errors="0" timestamp="2023-11-25T18:35:33 BDT">
  <testcase classname="GS.SeleniumFramework.Login" name="login" time="1.883"/>
  <testcase classname="GS.SeleniumFramework.Login" name="loginInvalidPassword" time="0.0">
    <ignored/>
  </testcase> <!-- loginInvalidPassword -->
</testsuite> <!-- Default test -->
