<?xml version="1.0" encoding="UTF-8"?>
<!-- Generated by org.testng.reporters.JUnitXMLReporter -->
<testsuite ignored="0" hostname="DESKTOP-C84JI4A" failures="1" tests="3" name="Login test" time="14.13" errors="0" timestamp="2023-08-03T17:27:07 BDT">
  <testcase classname="GS.SeleniumFramework.Login" name="login" time="0.42"/>
  <testcase classname="GS.SeleniumFramework.Login" name="loginInvalidPassword" time="1.131">
    <skipped/>
  </testcase> <!-- loginInvalidPassword -->
  <testcase classname="GS.SeleniumFramework.Login" name="loginInvalidPassword" time="1.041">
    <failure type="java.lang.AssertionError" message="expected [Incorrect email  password.] but found [Incorrect email or password.]">
      <![CDATA[java.lang.AssertionError: expected [Incorrect email  password.] but found [Incorrect email or password.]
at GS.SeleniumFramework.Login.loginInvalidPassword(Login.java:45)
at java.base/java.util.ArrayList.forEach(ArrayList.java:1511)
... Removed 33 stack frames]]>
    </failure>
  </testcase> <!-- loginInvalidPassword -->
</testsuite> <!-- Login test -->
