<?xml version="1.0" encoding="UTF-8"?>
<testng-results ignored="0" total="3" passed="3" failed="0" skipped="0">
  <reporter-output>
  </reporter-output>
  <suite started-at="2024-01-09T15:45:18 BDT" name="Suite" finished-at="2024-01-09T15:45:42 BDT" duration-ms="23943">
    <groups>
      <group name="Order">
        <method signature="OrderSubmit.submitOrder()[pri:0, instance:GS.SeleniumFramework.OrderSubmit@2f19f2aa]" name="submitOrder" class="GS.SeleniumFramework.OrderSubmit"/>
      </group> <!-- Order -->
      <group name="Login">
        <method signature="Login.login()[pri:0, instance:GS.SeleniumFramework.Login@3f3ddbd9]" name="login" class="GS.SeleniumFramework.Login"/>
        <method signature="Login.loginInvalidPassword()[pri:0, instance:GS.SeleniumFramework.Login@3f3ddbd9]" name="loginInvalidPassword" class="GS.SeleniumFramework.Login"/>
      </group> <!-- Login -->
    </groups>
    <test started-at="2024-01-09T15:45:18 BDT" name="Login test" finished-at="2024-01-09T15:45:29 BDT" duration-ms="11657">
      <class name="GS.SeleniumFramework.Login">
        <test-method is-config="true" signature="launchApplication()[pri:0, instance:GS.SeleniumFramework.Login@3f3ddbd9]" started-at="2024-01-09T15:45:18 BDT" name="launchApplication" finished-at="2024-01-09T15:45:21 BDT" duration-ms="3849" status="PASS">
          <reporter-output>
          </reporter-output>
        </test-method> <!-- launchApplication -->
        <test-method signature="login()[pri:0, instance:GS.SeleniumFramework.Login@3f3ddbd9]" started-at="2024-01-09T15:45:21 BDT" name="login" finished-at="2024-01-09T15:45:22 BDT" duration-ms="428" status="PASS">
          <reporter-output>
          </reporter-output>
        </test-method> <!-- login -->
        <test-method is-config="true" signature="tearDown(org.testng.ITestResult)[pri:0, instance:GS.SeleniumFramework.Login@3f3ddbd9]" started-at="2024-01-09T15:45:22 BDT" name="tearDown" finished-at="2024-01-09T15:45:23 BDT" duration-ms="1216" status="PASS">
          <params>
            <param index="0">
              <value>
                <![CDATA[[TestResult name=login status=SUCCESS method=Login.login()[pri:0, instance:GS.SeleniumFramework.Login@3f3ddbd9] output={null}]]]>
              </value>
            </param>
          </params>
          <reporter-output>
          </reporter-output>
        </test-method> <!-- tearDown -->
        <test-method is-config="true" signature="launchApplication()[pri:0, instance:GS.SeleniumFramework.Login@3f3ddbd9]" started-at="2024-01-09T15:45:23 BDT" name="launchApplication" finished-at="2024-01-09T15:45:27 BDT" duration-ms="3711" status="PASS">
          <reporter-output>
          </reporter-output>
        </test-method> <!-- launchApplication -->
        <test-method signature="loginInvalidPassword()[pri:0, instance:GS.SeleniumFramework.Login@3f3ddbd9]" started-at="2024-01-09T15:45:27 BDT" name="loginInvalidPassword" finished-at="2024-01-09T15:45:28 BDT" duration-ms="1158" status="PASS">
          <reporter-output>
          </reporter-output>
        </test-method> <!-- loginInvalidPassword -->
        <test-method is-config="true" signature="tearDown(org.testng.ITestResult)[pri:0, instance:GS.SeleniumFramework.Login@3f3ddbd9]" started-at="2024-01-09T15:45:28 BDT" name="tearDown" finished-at="2024-01-09T15:45:29 BDT" duration-ms="1250" status="PASS">
          <params>
            <param index="0">
              <value>
                <![CDATA[[TestResult name=loginInvalidPassword status=SUCCESS method=Login.loginInvalidPassword()[pri:0, instance:GS.SeleniumFramework.Login@3f3ddbd9] output={null}]]]>
              </value>
            </param>
          </params>
          <reporter-output>
          </reporter-output>
        </test-method> <!-- tearDown -->
      </class> <!-- GS.SeleniumFramework.Login -->
    </test> <!-- Login test -->
    <test started-at="2024-01-09T15:45:30 BDT" name="Submit Order" finished-at="2024-01-09T15:45:42 BDT" duration-ms="11799">
      <class name="GS.SeleniumFramework.OrderSubmit">
        <test-method is-config="true" signature="launchApplication()[pri:0, instance:GS.SeleniumFramework.OrderSubmit@2f19f2aa]" started-at="2024-01-09T15:45:30 BDT" name="launchApplication" finished-at="2024-01-09T15:45:31 BDT" duration-ms="1721" status="PASS">
          <reporter-output>
          </reporter-output>
        </test-method> <!-- launchApplication -->
        <test-method signature="submitOrder()[pri:0, instance:GS.SeleniumFramework.OrderSubmit@2f19f2aa]" started-at="2024-01-09T15:45:31 BDT" name="submitOrder" finished-at="2024-01-09T15:45:40 BDT" duration-ms="8873" status="PASS">
          <reporter-output>
          </reporter-output>
        </test-method> <!-- submitOrder -->
        <test-method is-config="true" signature="tearDown(org.testng.ITestResult)[pri:0, instance:GS.SeleniumFramework.OrderSubmit@2f19f2aa]" started-at="2024-01-09T15:45:40 BDT" name="tearDown" finished-at="2024-01-09T15:45:42 BDT" duration-ms="1201" status="PASS">
          <params>
            <param index="0">
              <value>
                <![CDATA[[TestResult name=submitOrder status=SUCCESS method=OrderSubmit.submitOrder()[pri:0, instance:GS.SeleniumFramework.OrderSubmit@2f19f2aa] output={null}]]]>
              </value>
            </param>
          </params>
          <reporter-output>
          </reporter-output>
        </test-method> <!-- tearDown -->
      </class> <!-- GS.SeleniumFramework.OrderSubmit -->
    </test> <!-- Submit Order -->
  </suite> <!-- Suite -->
</testng-results>
